{"level":"\u001b[32minfo\u001b[39m","message":"{\"method\":\"POST\",\"url\":\"/addTasks\",\"status\":\"404\",\"responseTime\":\"2.042\"}","timestamp":"2024-09-25T22:00:19.410Z"}
{"level":"\u001b[32minfo\u001b[39m","message":"{\"method\":\"POST\",\"url\":\"/addTask\",\"status\":\"400\",\"responseTime\":\"2.636\"}","timestamp":"2024-09-25T22:00:34.112Z"}
{"level":"\u001b[32minfo\u001b[39m","message":"{\"method\":\"POST\",\"url\":\"/addTask\",\"status\":\"400\",\"responseTime\":\"3.649\"}","timestamp":"2024-09-25T22:00:58.444Z"}
{"level":"\u001b[32minfo\u001b[39m","message":"{\"method\":\"POST\",\"url\":\"/addTask\",\"status\":\"400\",\"responseTime\":\"3.616\"}","timestamp":"2024-09-25T22:01:37.112Z"}
{"level":"\u001b[32minfo\u001b[39m","message":"{\"method\":\"POST\",\"url\":\"/addTask\",\"status\":\"201\",\"responseTime\":\"3.426\"}","timestamp":"2024-09-25T22:02:12.232Z"}
{"level":"\u001b[32minfo\u001b[39m","message":"{\"method\":\"POST\",\"url\":\"/addTask\",\"status\":\"201\",\"responseTime\":\"0.588\"}","timestamp":"2024-09-25T22:02:20.889Z"}
{"level":"\u001b[32minfo\u001b[39m","message":"{\"method\":\"POST\",\"url\":\"/addTask\",\"status\":\"201\",\"responseTime\":\"0.662\"}","timestamp":"2024-09-25T22:02:27.060Z"}
{"level":"\u001b[32minfo\u001b[39m","message":"{\"method\":\"GET\",\"url\":\"/getTasks\",\"status\":\"202\",\"responseTime\":\"0.736\"}","timestamp":"2024-09-25T22:03:19.764Z"}
{"level":"\u001b[32minfo\u001b[39m","message":"{\"method\":\"GET\",\"url\":\"/getTasks\",\"status\":\"202\",\"responseTime\":\"3.710\"}","timestamp":"2024-09-25T22:16:46.147Z"}
{"level":"\u001b[32minfo\u001b[39m","message":"{\"method\":\"POST\",\"url\":\"/addTask\",\"status\":\"201\",\"responseTime\":\"0.656\"}","timestamp":"2024-09-25T22:16:52.393Z"}
{"level":"\u001b[32minfo\u001b[39m","message":"{\"method\":\"POST\",\"url\":\"/addTask\",\"status\":\"201\",\"responseTime\":\"0.419\"}","timestamp":"2024-09-25T22:16:53.474Z"}
{"level":"\u001b[32minfo\u001b[39m","message":"{\"method\":\"POST\",\"url\":\"/addTask\",\"status\":\"201\",\"responseTime\":\"0.368\"}","timestamp":"2024-09-25T22:16:54.541Z"}
{"level":"\u001b[32minfo\u001b[39m","message":"{\"method\":\"GET\",\"url\":\"/getTasks\",\"status\":\"202\",\"responseTime\":\"0.577\"}","timestamp":"2024-09-25T22:16:57.789Z"}
{"level":"\u001b[32minfo\u001b[39m","message":"{\"method\":\"GET\",\"url\":\"/getTask/1\",\"status\":\"500\",\"responseTime\":\"2.388\"}","timestamp":"2024-09-25T22:17:03.495Z"}
{"level":"\u001b[32minfo\u001b[39m","message":"{\"method\":\"POST\",\"url\":\"/addTask\",\"status\":\"201\",\"responseTime\":\"3.773\"}","timestamp":"2024-09-26T16:27:15.407Z"}
{"level":"\u001b[32minfo\u001b[39m","message":"{\"method\":\"POST\",\"url\":\"/addTask\",\"status\":\"201\",\"responseTime\":\"0.628\"}","timestamp":"2024-09-26T16:27:21.334Z"}
{"level":"\u001b[32minfo\u001b[39m","message":"{\"method\":\"POST\",\"url\":\"/addTask\",\"status\":\"201\",\"responseTime\":\"0.452\"}","timestamp":"2024-09-26T16:27:22.981Z"}
{"level":"\u001b[32minfo\u001b[39m","message":"{\"method\":\"GET\",\"url\":\"/getTask\",\"status\":\"404\",\"responseTime\":\"2.288\"}","timestamp":"2024-09-26T16:27:32.376Z"}
{"level":"\u001b[32minfo\u001b[39m","message":"{\"method\":\"GET\",\"url\":\"/getTasks\",\"status\":\"202\",\"responseTime\":\"1.105\"}","timestamp":"2024-09-26T16:27:39.545Z"}
{"level":"\u001b[32minfo\u001b[39m","message":"{\"method\":\"GET\",\"url\":\"/getTask/1\",\"status\":\"500\",\"responseTime\":\"1.556\"}","timestamp":"2024-09-26T16:27:54.437Z"}
{"level":"\u001b[32minfo\u001b[39m","message":"{\"method\":\"GET\",\"url\":\"/getTask/1\",\"status\":\"200\",\"responseTime\":\"1.995\"}","timestamp":"2024-09-26T16:49:43.040Z"}
{"level":"\u001b[32minfo\u001b[39m","message":"{\"method\":\"GET\",\"url\":\"/getTask/1\",\"status\":\"200\",\"responseTime\":\"2.416\"}","timestamp":"2024-09-26T16:50:08.380Z"}
{"level":"\u001b[32minfo\u001b[39m","message":"{\"method\":\"GET\",\"url\":\"/getTask/1\",\"status\":\"404\",\"responseTime\":\"3.841\"}","timestamp":"2024-09-26T16:51:19.484Z"}
{"level":"\u001b[32minfo\u001b[39m","message":"{\"method\":\"GET\",\"url\":\"/getTask/1\",\"status\":\"404\",\"responseTime\":\"3.806\"}","timestamp":"2024-09-26T16:53:16.360Z"}
{"level":"\u001b[32minfo\u001b[39m","message":"{\"method\":\"POST\",\"url\":\"/addTask\",\"status\":\"201\",\"responseTime\":\"1.337\"}","timestamp":"2024-09-26T16:53:22.865Z"}
{"level":"\u001b[32minfo\u001b[39m","message":"{\"method\":\"POST\",\"url\":\"/addTask\",\"status\":\"201\",\"responseTime\":\"0.537\"}","timestamp":"2024-09-26T16:53:24.208Z"}
{"level":"\u001b[32minfo\u001b[39m","message":"{\"method\":\"GET\",\"url\":\"/getTasks\",\"status\":\"202\",\"responseTime\":\"1.198\"}","timestamp":"2024-09-26T16:53:28.764Z"}
{"level":"\u001b[32minfo\u001b[39m","message":"{\"method\":\"POST\",\"url\":\"/addTask\",\"status\":\"201\",\"responseTime\":\"0.496\"}","timestamp":"2024-09-26T16:53:39.204Z"}
{"level":"\u001b[32minfo\u001b[39m","message":"{\"method\":\"GET\",\"url\":\"/getTask/3\",\"status\":\"200\",\"responseTime\":\"0.744\"}","timestamp":"2024-09-26T16:53:45.173Z"}
{"level":"\u001b[32minfo\u001b[39m","message":"{\"method\":\"POST\",\"url\":\"/addTask\",\"status\":\"201\",\"responseTime\":\"3.678\"}","timestamp":"2024-09-26T17:06:18.850Z"}
{"level":"\u001b[32minfo\u001b[39m","message":"{\"method\":\"POST\",\"url\":\"/addTask\",\"status\":\"201\",\"responseTime\":\"0.575\"}","timestamp":"2024-09-26T17:06:22.173Z"}
{"level":"\u001b[32minfo\u001b[39m","message":"{\"method\":\"POST\",\"url\":\"/addTask\",\"status\":\"201\",\"responseTime\":\"0.386\"}","timestamp":"2024-09-26T17:06:24.534Z"}
{"level":"\u001b[32minfo\u001b[39m","message":"{\"method\":\"POST\",\"url\":\"/addTask\",\"status\":\"201\",\"responseTime\":\"0.340\"}","timestamp":"2024-09-26T17:06:26.665Z"}
{"level":"\u001b[32minfo\u001b[39m","message":"{\"method\":\"GET\",\"url\":\"/getTasks\",\"status\":\"202\",\"responseTime\":\"0.806\"}","timestamp":"2024-09-26T17:08:11.737Z"}
{"level":"\u001b[32minfo\u001b[39m","message":"{\"method\":\"GET\",\"url\":\"/getTask/3\",\"status\":\"200\",\"responseTime\":\"0.933\"}","timestamp":"2024-09-26T17:08:19.315Z"}
{"level":"\u001b[32minfo\u001b[39m","message":"{\"method\":\"GET\",\"url\":\"/getTask/2\",\"status\":\"200\",\"responseTime\":\"0.964\"}","timestamp":"2024-09-26T17:08:22.860Z"}
{"level":"\u001b[32minfo\u001b[39m","message":"{\"method\":\"POST\",\"url\":\"/updateTask/2\",\"status\":\"404\",\"responseTime\":\"2.887\"}","timestamp":"2024-09-26T17:10:07.523Z"}
{"level":"\u001b[32minfo\u001b[39m","message":"{\"method\":\"PUT\",\"url\":\"/updateTask/2\",\"status\":\"200\",\"responseTime\":\"1.123\"}","timestamp":"2024-09-26T17:10:33.670Z"}
{"level":"\u001b[32minfo\u001b[39m","message":"{\"method\":\"GET\",\"url\":\"/getTasks\",\"status\":\"202\",\"responseTime\":\"0.388\"}","timestamp":"2024-09-26T17:10:40.870Z"}
{"level":"\u001b[32minfo\u001b[39m","message":"{\"method\":\"DELETE\",\"url\":\"/delTask/2\",\"status\":\"500\",\"responseTime\":\"7.453\"}","timestamp":"2024-09-26T17:15:01.410Z"}
{"level":"\u001b[32minfo\u001b[39m","message":"{\"method\":\"POST\",\"url\":\"/addTask\",\"status\":\"201\",\"responseTime\":\"6.734\"}","timestamp":"2024-09-26T17:15:35.854Z"}
{"level":"\u001b[32minfo\u001b[39m","message":"{\"method\":\"POST\",\"url\":\"/addTask\",\"status\":\"201\",\"responseTime\":\"1.076\"}","timestamp":"2024-09-26T17:15:38.386Z"}
{"level":"\u001b[32minfo\u001b[39m","message":"{\"method\":\"POST\",\"url\":\"/addTask\",\"status\":\"201\",\"responseTime\":\"0.729\"}","timestamp":"2024-09-26T17:15:40.218Z"}
{"level":"\u001b[32minfo\u001b[39m","message":"{\"method\":\"POST\",\"url\":\"/addTask\",\"status\":\"201\",\"responseTime\":\"0.529\"}","timestamp":"2024-09-26T17:15:41.982Z"}
{"level":"\u001b[32minfo\u001b[39m","message":"{\"method\":\"GET\",\"url\":\"/getTasks\",\"status\":\"202\",\"responseTime\":\"1.101\"}","timestamp":"2024-09-26T17:15:48.111Z"}
{"level":"\u001b[32minfo\u001b[39m","message":"{\"method\":\"DELETE\",\"url\":\"/delTask/2\",\"status\":\"500\",\"responseTime\":\"4.004\"}","timestamp":"2024-09-26T17:15:59.188Z"}
{"level":"\u001b[32minfo\u001b[39m","message":"{\"method\":\"POST\",\"url\":\"/addTask\",\"status\":\"201\",\"responseTime\":\"6.369\"}","timestamp":"2024-09-26T17:19:08.547Z"}
{"level":"\u001b[32minfo\u001b[39m","message":"{\"method\":\"POST\",\"url\":\"/addTask\",\"status\":\"201\",\"responseTime\":\"1.014\"}","timestamp":"2024-09-26T17:19:12.343Z"}
{"level":"\u001b[32minfo\u001b[39m","message":"{\"method\":\"POST\",\"url\":\"/addTask\",\"status\":\"201\",\"responseTime\":\"0.583\"}","timestamp":"2024-09-26T17:19:34.450Z"}
{"level":"\u001b[32minfo\u001b[39m","message":"{\"method\":\"POST\",\"url\":\"/addTask\",\"status\":\"201\",\"responseTime\":\"0.887\"}","timestamp":"2024-09-26T17:19:36.794Z"}
{"level":"\u001b[32minfo\u001b[39m","message":"{\"method\":\"DELETE\",\"url\":\"/delTask/2\",\"status\":\"200\",\"responseTime\":\"1.533\"}","timestamp":"2024-09-26T17:19:48.101Z"}
{"level":"\u001b[32minfo\u001b[39m","message":"{\"method\":\"GET\",\"url\":\"/getTasks\",\"status\":\"202\",\"responseTime\":\"0.789\"}","timestamp":"2024-09-26T17:19:59.274Z"}
{"level":"\u001b[32minfo\u001b[39m","message":"{\"method\":\"DELETE\",\"url\":\"/delTask/2\",\"status\":\"200\",\"responseTime\":\"0.452\"}","timestamp":"2024-09-26T17:21:59.512Z"}
{"level":"\u001b[32minfo\u001b[39m","message":"{\"method\":\"GET\",\"url\":\"/getTasks\",\"status\":\"202\",\"responseTime\":\"0.628\"}","timestamp":"2024-09-26T17:22:09.993Z"}
{"level":"\u001b[32minfo\u001b[39m","message":"{\"method\":\"DELETE\",\"url\":\"/delTask/2\",\"status\":\"200\",\"responseTime\":\"0.461\"}","timestamp":"2024-09-26T17:22:27.902Z"}
{"level":"\u001b[32minfo\u001b[39m","message":"{\"method\":\"DELETE\",\"url\":\"/delTask/2\",\"status\":\"200\",\"responseTime\":\"0.916\"}","timestamp":"2024-09-26T17:22:34.662Z"}
{"level":"\u001b[32minfo\u001b[39m","message":"{\"method\":\"DELETE\",\"url\":\"/delTask/2\",\"status\":\"200\",\"responseTime\":\"6.063\"}","timestamp":"2024-09-26T17:24:16.989Z"}
{"level":"\u001b[32minfo\u001b[39m","message":"{\"method\":\"DELETE\",\"url\":\"/delTask/2\",\"status\":\"200\",\"responseTime\":\"1.394\"}","timestamp":"2024-09-26T17:24:19.817Z"}
{"level":"\u001b[32minfo\u001b[39m","message":"{\"method\":\"POST\",\"url\":\"/addTask\",\"status\":\"201\",\"responseTime\":\"7.438\"}","timestamp":"2024-09-26T17:25:26.067Z"}
{"level":"\u001b[32minfo\u001b[39m","message":"{\"method\":\"POST\",\"url\":\"/addTask\",\"status\":\"201\",\"responseTime\":\"0.956\"}","timestamp":"2024-09-26T17:25:30.735Z"}
{"level":"\u001b[32minfo\u001b[39m","message":"{\"method\":\"POST\",\"url\":\"/addTask\",\"status\":\"201\",\"responseTime\":\"0.684\"}","timestamp":"2024-09-26T17:25:33.799Z"}
{"level":"\u001b[32minfo\u001b[39m","message":"{\"method\":\"POST\",\"url\":\"/addTask\",\"status\":\"201\",\"responseTime\":\"0.522\"}","timestamp":"2024-09-26T17:25:35.824Z"}
{"level":"\u001b[32minfo\u001b[39m","message":"{\"method\":\"GET\",\"url\":\"/getTasks\",\"status\":\"202\",\"responseTime\":\"1.148\"}","timestamp":"2024-09-26T17:25:40.218Z"}
{"level":"\u001b[32minfo\u001b[39m","message":"{\"method\":\"DELETE\",\"url\":\"/delTask/2\",\"status\":\"200\",\"responseTime\":\"3.476\"}","timestamp":"2024-09-26T17:25:51.442Z"}
{"level":"\u001b[32minfo\u001b[39m","message":"{\"method\":\"DELETE\",\"url\":\"/delTask/4\",\"status\":\"200\",\"responseTime\":\"1.445\"}","timestamp":"2024-09-26T17:26:26.145Z"}
{"level":"\u001b[32minfo\u001b[39m","message":"{\"method\":\"GET\",\"url\":\"/getTasks\",\"status\":\"202\",\"responseTime\":\"1.740\"}","timestamp":"2024-09-26T17:26:34.092Z"}
{"level":"\u001b[32minfo\u001b[39m","message":"{\"method\":\"DELETE\",\"url\":\"/delTask/4\",\"status\":\"200\",\"responseTime\":\"0.746\"}","timestamp":"2024-09-26T17:26:38.922Z"}
{"level":"\u001b[32minfo\u001b[39m","message":"{\"method\":\"POST\",\"url\":\"/addTask\",\"status\":\"201\",\"responseTime\":\"5.903\"}","timestamp":"2024-09-26T17:27:13.341Z"}
{"level":"\u001b[32minfo\u001b[39m","message":"{\"method\":\"POST\",\"url\":\"/addTask\",\"status\":\"201\",\"responseTime\":\"1.202\"}","timestamp":"2024-09-26T17:27:15.327Z"}
{"level":"\u001b[32minfo\u001b[39m","message":"{\"method\":\"POST\",\"url\":\"/addTask\",\"status\":\"201\",\"responseTime\":\"0.651\"}","timestamp":"2024-09-26T17:27:17.405Z"}
{"level":"\u001b[32minfo\u001b[39m","message":"{\"method\":\"PUT\",\"url\":\"/updateTask/2\",\"status\":\"200\",\"responseTime\":\"1.135\"}","timestamp":"2024-09-26T17:27:19.251Z"}
{"level":"\u001b[32minfo\u001b[39m","message":"{\"method\":\"GET\",\"url\":\"/getTasks\",\"status\":\"202\",\"responseTime\":\"1.343\"}","timestamp":"2024-09-26T17:27:28.050Z"}
{"level":"\u001b[32minfo\u001b[39m","message":"{\"method\":\"DELETE\",\"url\":\"/delTask/4\",\"status\":\"200\",\"responseTime\":\"3.395\"}","timestamp":"2024-09-26T17:27:38.196Z"}
{"level":"\u001b[32minfo\u001b[39m","message":"{\"method\":\"POST\",\"url\":\"/addTask\",\"status\":\"201\",\"responseTime\":\"6.925\"}","timestamp":"2024-09-26T17:28:13.177Z"}
{"level":"\u001b[32minfo\u001b[39m","message":"{\"method\":\"POST\",\"url\":\"/addTask\",\"status\":\"201\",\"responseTime\":\"1.333\"}","timestamp":"2024-09-26T17:28:16.260Z"}
{"level":"\u001b[32minfo\u001b[39m","message":"{\"method\":\"POST\",\"url\":\"/addTask\",\"status\":\"201\",\"responseTime\":\"0.947\"}","timestamp":"2024-09-26T17:28:17.849Z"}
{"level":"\u001b[32minfo\u001b[39m","message":"{\"method\":\"POST\",\"url\":\"/addTask\",\"status\":\"201\",\"responseTime\":\"0.562\"}","timestamp":"2024-09-26T17:28:19.628Z"}
{"level":"\u001b[32minfo\u001b[39m","message":"{\"method\":\"GET\",\"url\":\"/getTasks\",\"status\":\"202\",\"responseTime\":\"1.368\"}","timestamp":"2024-09-26T17:28:23.169Z"}
{"level":"\u001b[32minfo\u001b[39m","message":"{\"method\":\"DELETE\",\"url\":\"/delTask/3\",\"status\":\"200\",\"responseTime\":\"2.597\"}","timestamp":"2024-09-26T17:28:50.335Z"}
{"level":"\u001b[32minfo\u001b[39m","message":"{\"method\":\"DELETE\",\"url\":\"/delTask/3\",\"status\":\"404\",\"responseTime\":\"1.643\"}","timestamp":"2024-09-26T17:29:11.562Z"}
{"level":"\u001b[32minfo\u001b[39m","message":"{\"method\":\"DELETE\",\"url\":\"/delTask/4\",\"status\":\"200\",\"responseTime\":\"0.819\"}","timestamp":"2024-09-26T17:29:19.786Z"}
{"level":"\u001b[32minfo\u001b[39m","message":"{\"method\":\"DELETE\",\"url\":\"/delTask/4\",\"status\":\"404\",\"responseTime\":\"0.985\"}","timestamp":"2024-09-26T17:29:23.648Z"}
